Using pre-set license
Built from '2020.3/staging' branch; Version is '2020.3.16f1 (049d6eca3c44) revision 302446'; Using compiler version '192528614'; Build Type 'Release'
OS: 'Windows 10 Pro; OS build 19044.1706; Version 2009; 64bit' Language: 'es' Physical Memory: 16325 MB
BatchMode: 1, IsHumanControllingUs: 0, StartBugReporterOnCrash: 0, Is64bit: 1, IsPro: 0

 COMMAND LINE ARGUMENTS:
C:\Program Files\Unity\Hub\Editor\2020.3.16f1\Editor\Unity.exe
-adb2
-batchMode
-noUpm
-name
AssetImportWorker0
-projectPath
D:/Portfolio_GitHub/Juegos_2D/PlatformGame_1-142022
-logFile
Logs/AssetImportWorker0.log
-srvPort
54466
Successfully changed project path to: D:/Portfolio_GitHub/Juegos_2D/PlatformGame_1-142022
D:/Portfolio_GitHub/Juegos_2D/PlatformGame_1-142022
Using Asset Import Pipeline V2.
Refreshing native plugins compatible for Editor in 49.31 ms, found 3 plugins.
Preloading 0 native plugins for Editor in 0.00 ms.
Initialize engine version: 2020.3.16f1 (049d6eca3c44)
[Subsystems] Discovering subsystems at path C:/Program Files/Unity/Hub/Editor/2020.3.16f1/Editor/Data/Resources/UnitySubsystems
[Subsystems] Discovering subsystems at path D:/Portfolio_GitHub/Juegos_2D/PlatformGame_1-142022/Assets
GfxDevice: creating device client; threaded=0
Direct3D:
    Version:  Direct3D 11.0 [level 11.1]
    Renderer: NVIDIA GeForce GTX 1080 (ID=0x1b80)
    Vendor:   
    VRAM:     8079 MB
    Driver:   30.0.15.1295
Initialize mono
Mono path[0] = 'C:/Program Files/Unity/Hub/Editor/2020.3.16f1/Editor/Data/Managed'
Mono path[1] = 'C:/Program Files/Unity/Hub/Editor/2020.3.16f1/Editor/Data/MonoBleedingEdge/lib/mono/unityjit'
Mono config path = 'C:/Program Files/Unity/Hub/Editor/2020.3.16f1/Editor/Data/MonoBleedingEdge/etc'
Using monoOptions --debugger-agent=transport=dt_socket,embedding=1,server=y,suspend=n,address=127.0.0.1:56604
Begin MonoManager ReloadAssembly
Registering precompiled unity dll's ...
Register platform support module: C:/Program Files/Unity/Hub/Editor/2020.3.16f1/Editor/Data/PlaybackEngines/WebGLSupport/UnityEditor.WebGL.Extensions.dll
Register platform support module: C:/Program Files/Unity/Hub/Editor/2020.3.16f1/Editor/Data/PlaybackEngines/WindowsStandaloneSupport/UnityEditor.WindowsStandalone.Extensions.dll
Registered in 0.003237 seconds.
Native extension for WindowsStandalone target not found
Native extension for WebGL target not found
Refreshing native plugins compatible for Editor in 50.18 ms, found 3 plugins.
Preloading 0 native plugins for Editor in 0.00 ms.
Mono: successfully reloaded assembly
- Completed reload, in  2.680 seconds
Domain Reload Profiling:
	ReloadAssembly (2680ms)
		BeginReloadAssembly (61ms)
			ExecutionOrderSort (0ms)
			DisableScriptedObjects (0ms)
			BackupInstance (0ms)
			ReleaseScriptingObjects (0ms)
			CreateAndSetChildDomain (1ms)
		EndReloadAssembly (458ms)
			LoadAssemblies (58ms)
			RebuildTransferFunctionScriptingTraits (0ms)
			SetupTypeCache (151ms)
			ReleaseScriptCaches (0ms)
			RebuildScriptCaches (37ms)
			SetupLoadedEditorAssemblies (189ms)
				LogAssemblyErrors (0ms)
				InitializePlatformSupportModulesInManaged (5ms)
				SetLoadedEditorAssemblies (0ms)
				RefreshPlugins (50ms)
				BeforeProcessingInitializeOnLoad (18ms)
				ProcessInitializeOnLoadAttributes (87ms)
				ProcessInitializeOnLoadMethodAttributes (29ms)
				AfterProcessingInitializeOnLoad (0ms)
				EditorAssembliesLoaded (0ms)
			ExecutionOrderSort2 (0ms)
			AwakeInstancesAfterBackupRestoration (0ms)
Platform modules already initialized, skipping
Registering precompiled user dll's ...
Registered in 0.003233 seconds.
Begin MonoManager ReloadAssembly
Native extension for WindowsStandalone target not found
Native extension for WebGL target not found
Refreshing native plugins compatible for Editor in 48.56 ms, found 3 plugins.
Preloading 0 native plugins for Editor in 0.00 ms.
Mono: successfully reloaded assembly
- Completed reload, in  1.289 seconds
Domain Reload Profiling:
	ReloadAssembly (1290ms)
		BeginReloadAssembly (155ms)
			ExecutionOrderSort (0ms)
			DisableScriptedObjects (5ms)
			BackupInstance (0ms)
			ReleaseScriptingObjects (0ms)
			CreateAndSetChildDomain (17ms)
		EndReloadAssembly (1065ms)
			LoadAssemblies (96ms)
			RebuildTransferFunctionScriptingTraits (0ms)
			SetupTypeCache (293ms)
			ReleaseScriptCaches (0ms)
			RebuildScriptCaches (63ms)
			SetupLoadedEditorAssemblies (484ms)
				LogAssemblyErrors (0ms)
				InitializePlatformSupportModulesInManaged (6ms)
				SetLoadedEditorAssemblies (0ms)
				RefreshPlugins (49ms)
				BeforeProcessingInitializeOnLoad (91ms)
				ProcessInitializeOnLoadAttributes (316ms)
				ProcessInitializeOnLoadMethodAttributes (12ms)
				AfterProcessingInitializeOnLoad (10ms)
				EditorAssembliesLoaded (0ms)
			ExecutionOrderSort2 (0ms)
			AwakeInstancesAfterBackupRestoration (7ms)
Platform modules already initialized, skipping
========================================================================
Worker process is ready to serve import requests
Launched and connected shader compiler UnityShaderCompiler.exe after 0.05 seconds
Refreshing native plugins compatible for Editor in 0.62 ms, found 3 plugins.
Preloading 0 native plugins for Editor in 0.00 ms.
Unloading 2130 Unused Serialized files (Serialized files now loaded: 0)
System memory in use before: 94.3 MB.
System memory in use after: 94.3 MB.

Unloading 27 unused Assets to reduce memory usage. Loaded Objects now: 2567.
Total: 2.999900 ms (FindLiveObjects: 0.190100 ms CreateObjectMapping: 0.049100 ms MarkObjects: 2.692600 ms  DeleteObjects: 0.066400 ms)

AssetImportParameters requested are different than current active one (requested -> active):
  custom:framework-win-MediaFoundation: 216162199b28c13a410421893ffa2e32 -> 
  custom:video-decoder-ogg-theora: a1e56fd34408186e4bbccfd4996cb3dc -> 
  custom:container-muxer-webm: aa71ff27fc2769a1b78a27578f13a17b -> 
  custom:container-demuxer-webm: 4f35f7cbe854078d1ac9338744f61a02 -> 
  custom:container-demuxer-ogg: 62fdf1f143b41e24485cea50d1cbac27 -> 
  custom:video-encoder-webm-vp8: eb34c28f22e8b96e1ab97ce403110664 -> 
  custom:video-decoder-webm-vp8: 9c59270c3fd7afecdb556c50c9e8de78 -> 
  custom:audio-decoder-ogg-vorbis: bf7c407c2cedff20999df2af8eb42d56 -> 
  custom:audio-encoder-webm-vorbis: bf7c407c2cedff20999df2af8eb42d56 -> 
========================================================================
Received Import Request.
  path: Assets/FreeButtonSet/Textures/icons/128x128/arrow_down.png
  artifactKey: Guid(e968566a79d16394f97ee27c34c6ac78) Importer(815301076,1909f56bfc062723c751e8b465ee728b)
Start importing Assets/FreeButtonSet/Textures/icons/128x128/arrow_down.png using Guid(e968566a79d16394f97ee27c34c6ac78) Importer(815301076,1909f56bfc062723c751e8b465ee728b)  -> (artifact id: 'b7a8c253f4dc3495017b075a2cac8d53') in 0.174660 seconds 
  Import took 0.210938 seconds .

========================================================================
Received Import Request.
  Time since last request: 0.000185 seconds.
  path: Assets/Pixel Adventure 2/Assets/Enemies/Ghost/Appear (44x30).png
  artifactKey: Guid(a26831e3796d4f6498e8400f4a01326b) Importer(815301076,1909f56bfc062723c751e8b465ee728b)
Start importing Assets/Pixel Adventure 2/Assets/Enemies/Ghost/Appear (44x30).png using Guid(a26831e3796d4f6498e8400f4a01326b) Importer(815301076,1909f56bfc062723c751e8b465ee728b)  -> (artifact id: '5b5728c171d9f6463b10285555beb19e') in 0.048411 seconds 
  Import took 0.067536 seconds .

========================================================================
Received Import Request.
  Time since last request: 0.000171 seconds.
  path: Assets/FreeButtonSet/Textures/icons/64x64/arrow_down.png
  artifactKey: Guid(9c3d15adfbc21d64683a6553e1330d99) Importer(815301076,1909f56bfc062723c751e8b465ee728b)
Start importing Assets/FreeButtonSet/Textures/icons/64x64/arrow_down.png using Guid(9c3d15adfbc21d64683a6553e1330d99) Importer(815301076,1909f56bfc062723c751e8b465ee728b)  -> (artifact id: '5a6a3374307b519d9eb03cdd3b09ee26') in 0.035240 seconds 
  Import took 0.037972 seconds .

========================================================================
Received Import Request.
  Time since last request: 0.000242 seconds.
  path: Assets/FreeButtonSet/Textures/icons/128x128/arrow_up.png
  artifactKey: Guid(9e197a1515abdbc4b91281eee95e8b33) Importer(815301076,1909f56bfc062723c751e8b465ee728b)
Start importing Assets/FreeButtonSet/Textures/icons/128x128/arrow_up.png using Guid(9e197a1515abdbc4b91281eee95e8b33) Importer(815301076,1909f56bfc062723c751e8b465ee728b)  -> (artifact id: '6fc69c3d1a97d70c7fa4843640d7b769') in 0.036088 seconds 
  Import took 0.039184 seconds .

========================================================================
Received Import Request.
  Time since last request: 0.000168 seconds.
  path: Assets/Joystick Pack/Sprites/Vertical Backgrounds/Vertical_Plain.png
  artifactKey: Guid(ab6db91373811284caeba2e9472fa9c2) Importer(815301076,1909f56bfc062723c751e8b465ee728b)
Start importing Assets/Joystick Pack/Sprites/Vertical Backgrounds/Vertical_Plain.png using Guid(ab6db91373811284caeba2e9472fa9c2) Importer(815301076,1909f56bfc062723c751e8b465ee728b)  -> (artifact id: 'ffa2fbf1478111e3d0614ba1261dc396') in 0.033416 seconds 
  Import took 0.041459 seconds .

========================================================================
Received Import Request.
  Time since last request: 0.000187 seconds.
  path: Assets/Joystick Pack/Sprites/Vertical Backgrounds/Vertical_Plain_Arrows.png
  artifactKey: Guid(3bf6d9f920f7458448a390f80318ebe6) Importer(815301076,1909f56bfc062723c751e8b465ee728b)
Start importing Assets/Joystick Pack/Sprites/Vertical Backgrounds/Vertical_Plain_Arrows.png using Guid(3bf6d9f920f7458448a390f80318ebe6) Importer(815301076,1909f56bfc062723c751e8b465ee728b)  -> (artifact id: '58fc25f3e18929f33991ccc0c54547a8') in 0.047660 seconds 
  Import took 0.054083 seconds .

========================================================================
Received Import Request.
  Time since last request: 0.000175 seconds.
  path: Assets/FreeButtonSet/Textures/icons/128x128/arrow_left.png
  artifactKey: Guid(d31115fa9cb67004b96bc76f48802b9f) Importer(815301076,1909f56bfc062723c751e8b465ee728b)
Start importing Assets/FreeButtonSet/Textures/icons/128x128/arrow_left.png using Guid(d31115fa9cb67004b96bc76f48802b9f) Importer(815301076,1909f56bfc062723c751e8b465ee728b)  -> (artifact id: 'af319bca19f76f682816622014a2c4b5') in 0.034815 seconds 
  Import took 0.037537 seconds .

========================================================================
Received Import Request.
  Time since last request: 0.000161 seconds.
  path: Assets/FreeButtonSet/Textures/icons/64x64/arrow_left.png
  artifactKey: Guid(8b93523f32be16548bf56b5a6db4fefe) Importer(815301076,1909f56bfc062723c751e8b465ee728b)
Start importing Assets/FreeButtonSet/Textures/icons/64x64/arrow_left.png using Guid(8b93523f32be16548bf56b5a6db4fefe) Importer(815301076,1909f56bfc062723c751e8b465ee728b)  -> (artifact id: '8e0f3ed812547283c67c85a8b4469418') in 0.031714 seconds 
  Import took 0.034501 seconds .

========================================================================
Received Import Request.
  Time since last request: 0.000232 seconds.
  path: Assets/FreeButtonSet/Textures/icons/128x128/arrow_right.png
  artifactKey: Guid(01d7b388e7827ca45a56bd1b632ffde1) Importer(815301076,1909f56bfc062723c751e8b465ee728b)
Start importing Assets/FreeButtonSet/Textures/icons/128x128/arrow_right.png using Guid(01d7b388e7827ca45a56bd1b632ffde1) Importer(815301076,1909f56bfc062723c751e8b465ee728b)  -> (artifact id: 'e5ef654b5d52a957bb9f21f6dbcc53de') in 0.027572 seconds 
  Import took 0.030579 seconds .

========================================================================
Received Import Request.
  Time since last request: 0.000177 seconds.
  path: Assets/Pixel Adventure 2/Assets/Enemies/Chameleon/Attack (84x38).png
  artifactKey: Guid(9d3a57bf16487764588287654b487d2d) Importer(815301076,1909f56bfc062723c751e8b465ee728b)
Start importing Assets/Pixel Adventure 2/Assets/Enemies/Chameleon/Attack (84x38).png using Guid(9d3a57bf16487764588287654b487d2d) Importer(815301076,1909f56bfc062723c751e8b465ee728b)  -> (artifact id: 'b41ab752f44087e912897e05d02a7364') in 0.035402 seconds 
  Import took 0.056900 seconds .

========================================================================
Received Import Request.
  Time since last request: 0.000172 seconds.
  path: Assets/Pixel Adventure 2/Assets/Enemies/Trunk/Bullet.png
  artifactKey: Guid(f817ba5aabd773e4f914480bdd62d0c8) Importer(815301076,1909f56bfc062723c751e8b465ee728b)
Start importing Assets/Pixel Adventure 2/Assets/Enemies/Trunk/Bullet.png using Guid(f817ba5aabd773e4f914480bdd62d0c8) Importer(815301076,1909f56bfc062723c751e8b465ee728b)  -> (artifact id: 'dd97eeeb9ef522b1d816ea4070daefc0') in 0.025032 seconds 
  Import took 0.027909 seconds .

========================================================================
Received Import Request.
  Time since last request: 0.000183 seconds.
  path: Assets/FreeButtonSet/Textures/icons/64x64/arrow_up.png
  artifactKey: Guid(632776cb97988674c8daa001a86108a1) Importer(815301076,1909f56bfc062723c751e8b465ee728b)
Start importing Assets/FreeButtonSet/Textures/icons/64x64/arrow_up.png using Guid(632776cb97988674c8daa001a86108a1) Importer(815301076,1909f56bfc062723c751e8b465ee728b)  -> (artifact id: '56584b96a060752a7cc1dbd6a8780e8a') in 0.033327 seconds 
  Import took 0.043308 seconds .

========================================================================
Received Import Request.
  Time since last request: 0.000175 seconds.
  path: Assets/FreeButtonSet/Textures/icons/64x64/play.png
  artifactKey: Guid(a2f31c578b2fbc1469b71626553cc735) Importer(815301076,1909f56bfc062723c751e8b465ee728b)
Start importing Assets/FreeButtonSet/Textures/icons/64x64/play.png using Guid(a2f31c578b2fbc1469b71626553cc735) Importer(815301076,1909f56bfc062723c751e8b465ee728b)  -> (artifact id: 'bef1a24d344c743dd491cfe22c509719') in 0.027725 seconds 
  Import took 0.042681 seconds .

========================================================================
Received Import Request.
  Time since last request: 0.000178 seconds.
  path: Assets/Pixel Adventure 2/Assets/Enemies/Trunk/Bullet Pieces (16x16).png
  artifactKey: Guid(c311c0181264099438b146cd005da065) Importer(815301076,1909f56bfc062723c751e8b465ee728b)
Start importing Assets/Pixel Adventure 2/Assets/Enemies/Trunk/Bullet Pieces (16x16).png using Guid(c311c0181264099438b146cd005da065) Importer(815301076,1909f56bfc062723c751e8b465ee728b)  -> (artifact id: '7f1aaff5943da0f35d44f81b3474d8b8') in 0.025565 seconds 
  Import took 0.036272 seconds .

========================================================================
Received Import Request.
  Time since last request: 0.000173 seconds.
  path: Assets/Pixel Adventure 2/Assets/Enemies/Trunk/Attack (64x32).png
  artifactKey: Guid(44f61062668c947418daa0363265b222) Importer(815301076,1909f56bfc062723c751e8b465ee728b)
Start importing Assets/Pixel Adventure 2/Assets/Enemies/Trunk/Attack (64x32).png using Guid(44f61062668c947418daa0363265b222) Importer(815301076,1909f56bfc062723c751e8b465ee728b)  -> (artifact id: '3b55d1d62c64f0ea63bbdb4a7120cb6c') in 0.049094 seconds 
  Import took 0.051978 seconds .

========================================================================
Received Import Request.
  Time since last request: 0.000173 seconds.
  path: Assets/FreeButtonSet/Textures/icons/128x128/play.png
  artifactKey: Guid(adf19f966e0379040bb823cbe5375f3f) Importer(815301076,1909f56bfc062723c751e8b465ee728b)
Start importing Assets/FreeButtonSet/Textures/icons/128x128/play.png using Guid(adf19f966e0379040bb823cbe5375f3f) Importer(815301076,1909f56bfc062723c751e8b465ee728b)  -> (artifact id: '20e8e9bb7606eb692a7db001b68517b1') in 0.020671 seconds 
  Import took 0.033740 seconds .

========================================================================
Received Import Request.
  Time since last request: 0.000179 seconds.
  path: Assets/FreeButtonSet/Textures/icons/64x64/arrow_right.png
  artifactKey: Guid(8f85d8ce213015144a117d359c69fcbd) Importer(815301076,1909f56bfc062723c751e8b465ee728b)
Start importing Assets/FreeButtonSet/Textures/icons/64x64/arrow_right.png using Guid(8f85d8ce213015144a117d359c69fcbd) Importer(815301076,1909f56bfc062723c751e8b465ee728b)  -> (artifact id: '6d3fe1822bb10d6207fa84ca68919338') in 0.035610 seconds 
  Import took 0.064542 seconds .

========================================================================
Received Import Request.
  Time since last request: 8.892844 seconds.
  path: Assets/FreeButtonSet/Textures/icons/64x64/checkmark.png
  artifactKey: Guid(a1b36335edc21804d8483d19058e387c) Importer(815301076,1909f56bfc062723c751e8b465ee728b)
Start importing Assets/FreeButtonSet/Textures/icons/64x64/checkmark.png using Guid(a1b36335edc21804d8483d19058e387c) Importer(815301076,1909f56bfc062723c751e8b465ee728b)  -> (artifact id: '97256456d2f5bfa10ec43ac7dcd29ab5') in 0.044033 seconds 
  Import took 0.047406 seconds .

========================================================================
Received Import Request.
  Time since last request: 0.000172 seconds.
  path: Assets/FreeButtonSet/Textures/icons/128x128/checkmark.png
  artifactKey: Guid(874b343cf51efe745b644be33893b09a) Importer(815301076,1909f56bfc062723c751e8b465ee728b)
Start importing Assets/FreeButtonSet/Textures/icons/128x128/checkmark.png using Guid(874b343cf51efe745b644be33893b09a) Importer(815301076,1909f56bfc062723c751e8b465ee728b)  -> (artifact id: 'fe4233d7f66e35d18b9191c54306fa84') in 0.029798 seconds 
  Import took 0.047363 seconds .

========================================================================
Received Import Request.
  Time since last request: 0.161556 seconds.
  path: Assets/Pixel Adventure 2/Assets/Enemies/Ghost/Desappear (44x30).png
  artifactKey: Guid(0aff58a705260724ba202eab0ca4f5f7) Importer(815301076,1909f56bfc062723c751e8b465ee728b)
Start importing Assets/Pixel Adventure 2/Assets/Enemies/Ghost/Desappear (44x30).png using Guid(0aff58a705260724ba202eab0ca4f5f7) Importer(815301076,1909f56bfc062723c751e8b465ee728b)  -> (artifact id: '2d6dd2e414eb425e6364f1ba8a2ee7e7') in 0.040908 seconds 
  Import took 0.056900 seconds .

========================================================================
Received Import Request.
  Time since last request: 0.004275 seconds.
  path: Assets/Pixel Adventure 2/Assets/Enemies/Ghost/Desappear (44x30).png
  artifactKey: Guid(0aff58a705260724ba202eab0ca4f5f7) Importer(815301076,1909f56bfc062723c751e8b465ee728b)
Start importing Assets/Pixel Adventure 2/Assets/Enemies/Ghost/Desappear (44x30).png using Guid(0aff58a705260724ba202eab0ca4f5f7) Importer(815301076,1909f56bfc062723c751e8b465ee728b)  -> (artifact id: '2d6dd2e414eb425e6364f1ba8a2ee7e7') in 0.015495 seconds 
  Import took 0.018461 seconds .

========================================================================
Received Import Request.
  Time since last request: 0.099535 seconds.
  path: Assets/Pixel Adventure 2/Assets/Enemies/Bunny/Fall.png
  artifactKey: Guid(11d964a7f73f03c479072fa5ca009a7f) Importer(815301076,1909f56bfc062723c751e8b465ee728b)
Start importing Assets/Pixel Adventure 2/Assets/Enemies/Bunny/Fall.png using Guid(11d964a7f73f03c479072fa5ca009a7f) Importer(815301076,1909f56bfc062723c751e8b465ee728b)  -> (artifact id: '8fe3333ef40ad1669934688de8708c51') in 0.046365 seconds 
  Import took 0.049464 seconds .

========================================================================
Received Import Request.
  Time since last request: 0.001653 seconds.
  path: Assets/Pixel Adventure 2/Assets/Enemies/Bunny/Fall.png
  artifactKey: Guid(11d964a7f73f03c479072fa5ca009a7f) Importer(815301076,1909f56bfc062723c751e8b465ee728b)
Start importing Assets/Pixel Adventure 2/Assets/Enemies/Bunny/Fall.png using Guid(11d964a7f73f03c479072fa5ca009a7f) Importer(815301076,1909f56bfc062723c751e8b465ee728b)  -> (artifact id: '8fe3333ef40ad1669934688de8708c51') in 0.006717 seconds 
  Import took 0.009629 seconds .

========================================================================
Received Import Request.
  Time since last request: 0.068427 seconds.
  path: Assets/Pixel Adventure 2/Assets/Enemies/Duck/Fall (36x36).png
  artifactKey: Guid(b66d3ed271c328c4b9084c2e0bdb616b) Importer(815301076,1909f56bfc062723c751e8b465ee728b)
Start importing Assets/Pixel Adventure 2/Assets/Enemies/Duck/Fall (36x36).png using Guid(b66d3ed271c328c4b9084c2e0bdb616b) Importer(815301076,1909f56bfc062723c751e8b465ee728b)  -> (artifact id: '6c41f13f9d487a862448880cdcf36bb5') in 0.040032 seconds 
  Import took 0.059411 seconds .

========================================================================
Received Import Request.
  Time since last request: 0.000168 seconds.
  path: Assets/Pixel Adventure 2/Assets/Enemies/FatBird/Fall (40x48).png
  artifactKey: Guid(0b35535918bf72f4a9f6d0311709b8a2) Importer(815301076,1909f56bfc062723c751e8b465ee728b)
Start importing Assets/Pixel Adventure 2/Assets/Enemies/FatBird/Fall (40x48).png using Guid(0b35535918bf72f4a9f6d0311709b8a2) Importer(815301076,1909f56bfc062723c751e8b465ee728b)  -> (artifact id: 'a19025239551836c059825b76321bb14') in 0.040348 seconds 
  Import took 0.060110 seconds .

========================================================================
Received Import Request.
  Time since last request: 0.000179 seconds.
  path: Assets/Pixel Adventure 2/Assets/Enemies/Duck/Fall (36x36).png
  artifactKey: Guid(b66d3ed271c328c4b9084c2e0bdb616b) Importer(815301076,1909f56bfc062723c751e8b465ee728b)
Start importing Assets/Pixel Adventure 2/Assets/Enemies/Duck/Fall (36x36).png using Guid(b66d3ed271c328c4b9084c2e0bdb616b) Importer(815301076,1909f56bfc062723c751e8b465ee728b)  -> (artifact id: '6c41f13f9d487a862448880cdcf36bb5') in 0.007923 seconds 
  Import took 0.010580 seconds .

========================================================================
Received Import Request.
  Time since last request: 0.000153 seconds.
  path: Assets/Pixel Adventure 2/Assets/Enemies/Ghost/Gost Particles (16x16).png
  artifactKey: Guid(14048ba4b41a50449a2a86a01088f5e2) Importer(815301076,1909f56bfc062723c751e8b465ee728b)
Start importing Assets/Pixel Adventure 2/Assets/Enemies/Ghost/Gost Particles (16x16).png using Guid(14048ba4b41a50449a2a86a01088f5e2) Importer(815301076,1909f56bfc062723c751e8b465ee728b)  -> (artifact id: '13cc1fd10c248b5406b8ca3d300ad179') in 0.037263 seconds 
  Import took 0.058967 seconds .

========================================================================
Received Import Request.
  Time since last request: 0.017458 seconds.
  path: Assets/Pixel Adventure 2/Assets/Enemies/FatBird/Ground (40x48).png
  artifactKey: Guid(1b30865eb3e4c8e4c98659ab87085cf7) Importer(815301076,1909f56bfc062723c751e8b465ee728b)
Start importing Assets/Pixel Adventure 2/Assets/Enemies/FatBird/Ground (40x48).png using Guid(1b30865eb3e4c8e4c98659ab87085cf7) Importer(815301076,1909f56bfc062723c751e8b465ee728b)  -> (artifact id: 'd5476a2ed23cf19220c803fe490043d4') in 0.053693 seconds 
  Import took 0.071280 seconds .

========================================================================
Received Import Request.
  Time since last request: 0.004657 seconds.
  path: Assets/Pixel Adventure 2/Assets/Enemies/FatBird/Ground (40x48).png
  artifactKey: Guid(1b30865eb3e4c8e4c98659ab87085cf7) Importer(815301076,1909f56bfc062723c751e8b465ee728b)
Start importing Assets/Pixel Adventure 2/Assets/Enemies/FatBird/Ground (40x48).png using Guid(1b30865eb3e4c8e4c98659ab87085cf7) Importer(815301076,1909f56bfc062723c751e8b465ee728b)  -> (artifact id: 'd5476a2ed23cf19220c803fe490043d4') in 0.013631 seconds 
  Import took 0.016366 seconds .

========================================================================
Received Import Request.
  Time since last request: 5.761488 seconds.
  path: Assets/Pixel Adventure 2/Assets/Enemies/Skull/Idle 2 (52x54).png
  artifactKey: Guid(ed57a13d678b6614fa329888af09bde2) Importer(815301076,1909f56bfc062723c751e8b465ee728b)
Start importing Assets/Pixel Adventure 2/Assets/Enemies/Skull/Idle 2 (52x54).png using Guid(ed57a13d678b6614fa329888af09bde2) Importer(815301076,1909f56bfc062723c751e8b465ee728b)  -> (artifact id: '9da287547b2ac12280aaed887f80b58b') in 0.087753 seconds 
  Import took 0.090776 seconds .

========================================================================
Received Import Request.
  Time since last request: 0.000177 seconds.
  path: Assets/Joystick Pack/Sprites/Vertical Backgrounds/Vertical_Ridged_Arrows.png
  artifactKey: Guid(9332cf0d233636a40a024382720294a3) Importer(815301076,1909f56bfc062723c751e8b465ee728b)
Start importing Assets/Joystick Pack/Sprites/Vertical Backgrounds/Vertical_Ridged_Arrows.png using Guid(9332cf0d233636a40a024382720294a3) Importer(815301076,1909f56bfc062723c751e8b465ee728b)  -> (artifact id: '14a5cd5d4126237b6418afac80df0d21') in 0.034504 seconds 
  Import took 0.044441 seconds .

========================================================================
Received Import Request.
  Time since last request: 0.000178 seconds.
  path: Assets/Pixel Adventure 2/Assets/Enemies/Snail/Shell Idle (38x24).png
  artifactKey: Guid(4c94a2511c19b0c4f99ce29c30d9ee7a) Importer(815301076,1909f56bfc062723c751e8b465ee728b)
Start importing Assets/Pixel Adventure 2/Assets/Enemies/Snail/Shell Idle (38x24).png using Guid(4c94a2511c19b0c4f99ce29c30d9ee7a) Importer(815301076,1909f56bfc062723c751e8b465ee728b)  -> (artifact id: '3f27f2edad44f6b2d29035a55d45723e') in 0.035166 seconds 
  Import took 0.055204 seconds .

========================================================================
Received Import Request.
  Time since last request: 0.000178 seconds.
  path: Assets/Pixel Adventure 2/Assets/Enemies/Rocks/Rock1_Idle (38x34).png
  artifactKey: Guid(419f1f3d5fcf8204389dd119348a56e1) Importer(815301076,1909f56bfc062723c751e8b465ee728b)
Start importing Assets/Pixel Adventure 2/Assets/Enemies/Rocks/Rock1_Idle (38x34).png using Guid(419f1f3d5fcf8204389dd119348a56e1) Importer(815301076,1909f56bfc062723c751e8b465ee728b)  -> (artifact id: '22466c5406b054c2bacf11a4683ad579') in 0.076880 seconds 
  Import took 0.079640 seconds .

========================================================================
Received Import Request.
  Time since last request: 0.000179 seconds.
  path: Assets/Pixel Adventure 2/Assets/Enemies/Rocks/Rock2_Idle (32x28).png
  artifactKey: Guid(f7ea70eedecbfe34a93819309bcaf901) Importer(815301076,1909f56bfc062723c751e8b465ee728b)
Start importing Assets/Pixel Adventure 2/Assets/Enemies/Rocks/Rock2_Idle (32x28).png using Guid(f7ea70eedecbfe34a93819309bcaf901) Importer(815301076,1909f56bfc062723c751e8b465ee728b)  -> (artifact id: '94131ce138528bad4c9d053aa28ab4fb') in 0.068094 seconds 
  Import took 0.082809 seconds .

========================================================================
Received Import Request.
  Time since last request: 0.000202 seconds.
  path: Assets/Pixel Adventure 2/Assets/Enemies/Slime/Idle-Run (44x30).png
  artifactKey: Guid(52d40d1d463a123498d838dd108b712a) Importer(815301076,1909f56bfc062723c751e8b465ee728b)
Start importing Assets/Pixel Adventure 2/Assets/Enemies/Slime/Idle-Run (44x30).png using Guid(52d40d1d463a123498d838dd108b712a) Importer(815301076,1909f56bfc062723c751e8b465ee728b)  -> (artifact id: 'b9b81b489865ee313e8b4b8402fdba4e') in 0.038736 seconds 
  Import took 0.054051 seconds .

========================================================================
Received Import Request.
  Time since last request: 0.000172 seconds.
  path: Assets/Pixel Adventure 2/Assets/Enemies/Rocks/Rock3_Idle (22x18).png
  artifactKey: Guid(061e846bd4a5ba449bf75b630b1a7dcb) Importer(815301076,1909f56bfc062723c751e8b465ee728b)
Start importing Assets/Pixel Adventure 2/Assets/Enemies/Rocks/Rock3_Idle (22x18).png using Guid(061e846bd4a5ba449bf75b630b1a7dcb) Importer(815301076,1909f56bfc062723c751e8b465ee728b)  -> (artifact id: '078ebb2916e8f4a579bddf6f4d58def4') in 0.049028 seconds 
  Import took 0.070205 seconds .

========================================================================
Received Import Request.
  Time since last request: 0.000168 seconds.
  path: Assets/Joystick Pack/Sprites/Vertical Backgrounds/Vertical_Ridged.png
  artifactKey: Guid(08c1fa6351174a9439d97cfc9d3307cc) Importer(815301076,1909f56bfc062723c751e8b465ee728b)
Start importing Assets/Joystick Pack/Sprites/Vertical Backgrounds/Vertical_Ridged.png using Guid(08c1fa6351174a9439d97cfc9d3307cc) Importer(815301076,1909f56bfc062723c751e8b465ee728b)  -> (artifact id: 'cc22d7d02b913ef971ac98364156c14f') in 0.027490 seconds 
  Import took 0.042343 seconds .

========================================================================
Received Import Request.
  Time since last request: 1.075054 seconds.
  path: Assets/Pixel Adventure 2/Assets/Enemies/Radish/Idle 1 (30x38).png
  artifactKey: Guid(c078262cfe23e5f45b0fdf215c6fa100) Importer(815301076,1909f56bfc062723c751e8b465ee728b)
Start importing Assets/Pixel Adventure 2/Assets/Enemies/Radish/Idle 1 (30x38).png using Guid(c078262cfe23e5f45b0fdf215c6fa100) Importer(815301076,1909f56bfc062723c751e8b465ee728b)  -> (artifact id: '7d628c04ca5a4138ce5a1f86e92c1293') in 0.042306 seconds 
  Import took 0.054320 seconds .

========================================================================
Received Import Request.
  Time since last request: 0.000178 seconds.
  path: Assets/Pixel Adventure 2/Assets/Enemies/Turtle/Idle 2 (44x26).png
  artifactKey: Guid(a9c658600a401f347888cfd916603aa4) Importer(815301076,1909f56bfc062723c751e8b465ee728b)
Start importing Assets/Pixel Adventure 2/Assets/Enemies/Turtle/Idle 2 (44x26).png using Guid(a9c658600a401f347888cfd916603aa4) Importer(815301076,1909f56bfc062723c751e8b465ee728b)  -> (artifact id: 'f38b3f83b1bf2bfe4fa6842f4842cddd') in 0.056319 seconds 
  Import took 0.059037 seconds .

========================================================================
Received Import Request.
  Time since last request: 0.000176 seconds.
  path: Assets/Pixel Adventure 2/Assets/Enemies/Turtle/Idle 1 (44x26).png
  artifactKey: Guid(81599edd816625a4394b87c55bc6d552) Importer(815301076,1909f56bfc062723c751e8b465ee728b)
Start importing Assets/Pixel Adventure 2/Assets/Enemies/Turtle/Idle 1 (44x26).png using Guid(81599edd816625a4394b87c55bc6d552) Importer(815301076,1909f56bfc062723c751e8b465ee728b)  -> (artifact id: 'b6fc0072f7a4a3a27d4569723b74e584') in 0.055907 seconds 
  Import took 0.058686 seconds .

========================================================================
Received Import Request.
  Time since last request: 0.000248 seconds.
  path: Assets/Pixel Adventure 2/Assets/Enemies/Skull/Idle 1 (52x54).png
  artifactKey: Guid(045eb5e1f0cbc424e9a8eed9eaf27bf8) Importer(815301076,1909f56bfc062723c751e8b465ee728b)
Start importing Assets/Pixel Adventure 2/Assets/Enemies/Skull/Idle 1 (52x54).png using Guid(045eb5e1f0cbc424e9a8eed9eaf27bf8) Importer(815301076,1909f56bfc062723c751e8b465ee728b)  -> (artifact id: '63a84560f26ba1cc1e14034c38edea0c') in 0.055010 seconds 
  Import took 0.075732 seconds .

========================================================================
Received Import Request.
  Time since last request: 0.000172 seconds.
  path: Assets/Pixel Adventure 2/Assets/Enemies/Radish/Idle 2 (30x38).png
  artifactKey: Guid(25a8550c1c9d550409ba5345a9a97ad2) Importer(815301076,1909f56bfc062723c751e8b465ee728b)
Start importing Assets/Pixel Adventure 2/Assets/Enemies/Radish/Idle 2 (30x38).png using Guid(25a8550c1c9d550409ba5345a9a97ad2) Importer(815301076,1909f56bfc062723c751e8b465ee728b)  -> (artifact id: '3a52dcac68993c66431d1b3dc86212df') in 0.045766 seconds 
  Import took 0.055645 seconds .

========================================================================
Received Import Request.
  Time since last request: 1.997281 seconds.
  path: Assets/Pixel Adventure 2/Assets/Enemies/Rino/Idle (52x34).png
  artifactKey: Guid(e3531be27cb827743bac8ea66dae5bfd) Importer(815301076,1909f56bfc062723c751e8b465ee728b)
Start importing Assets/Pixel Adventure 2/Assets/Enemies/Rino/Idle (52x34).png using Guid(e3531be27cb827743bac8ea66dae5bfd) Importer(815301076,1909f56bfc062723c751e8b465ee728b)  -> (artifact id: 'a3d35571fe423bfdd07ef146b1e973ac') in 0.062587 seconds 
  Import took 0.065688 seconds .

========================================================================
Received Import Request.
  Time since last request: 0.000174 seconds.
  path: Assets/Pixel Adventure 2/Assets/Enemies/Trunk/Idle (64x32).png
  artifactKey: Guid(bf4df7b2c9cda4c44b372e2b47a5cb8f) Importer(815301076,1909f56bfc062723c751e8b465ee728b)
Start importing Assets/Pixel Adventure 2/Assets/Enemies/Trunk/Idle (64x32).png using Guid(bf4df7b2c9cda4c44b372e2b47a5cb8f) Importer(815301076,1909f56bfc062723c751e8b465ee728b)  -> (artifact id: '9e4c32fee8415c9b778d46eb47d777c2') in 0.060039 seconds 
  Import took 0.074092 seconds .

========================================================================
Received Import Request.
  Time since last request: 0.000167 seconds.
  path: Assets/Pixel Adventure 2/Assets/Enemies/Chameleon/Idle (84x38).png
  artifactKey: Guid(43f6bb244a62313438cda197a8e07007) Importer(815301076,1909f56bfc062723c751e8b465ee728b)
Start importing Assets/Pixel Adventure 2/Assets/Enemies/Chameleon/Idle (84x38).png using Guid(43f6bb244a62313438cda197a8e07007) Importer(815301076,1909f56bfc062723c751e8b465ee728b)  -> (artifact id: 'fd71469ffb78fd6fa6a19bdd7071da42') in 0.061981 seconds 
  Import took 0.093039 seconds .

========================================================================
Received Import Request.
  Time since last request: 0.615298 seconds.
  path: Assets/Pixel Adventure 2/Assets/Enemies/Ghost/Idle (44x30).png
  artifactKey: Guid(d4f2f936f814df24fb7559370c465cdc) Importer(815301076,1909f56bfc062723c751e8b465ee728b)
Start importing Assets/Pixel Adventure 2/Assets/Enemies/Ghost/Idle (44x30).png using Guid(d4f2f936f814df24fb7559370c465cdc) Importer(815301076,1909f56bfc062723c751e8b465ee728b)  -> (artifact id: '62b5b26c7edc6792021a243ac80aefa3') in 0.058647 seconds 
  Import took 0.074960 seconds .

========================================================================
Received Import Request.
  Time since last request: 0.060584 seconds.
  path: Assets/Pixel Adventure 2/Assets/Enemies/Duck/Idle (36x36).png
  artifactKey: Guid(35e086690f09c9f46aa162a5be5a4133) Importer(815301076,1909f56bfc062723c751e8b465ee728b)
Start importing Assets/Pixel Adventure 2/Assets/Enemies/Duck/Idle (36x36).png using Guid(35e086690f09c9f46aa162a5be5a4133) Importer(815301076,1909f56bfc062723c751e8b465ee728b)  -> (artifact id: 'ffeed4bb8a448573c22817be26b3e496') in 0.039882 seconds 
  Import took 0.043039 seconds .

========================================================================
Received Import Request.
  Time since last request: 0.000164 seconds.
  path: Assets/Pixel Adventure 2/Assets/Enemies/Snail/Idle (38x24).png
  artifactKey: Guid(35d33412cf90ccf4f9e1b5100ba41640) Importer(815301076,1909f56bfc062723c751e8b465ee728b)
Start importing Assets/Pixel Adventure 2/Assets/Enemies/Snail/Idle (38x24).png using Guid(35d33412cf90ccf4f9e1b5100ba41640) Importer(815301076,1909f56bfc062723c751e8b465ee728b)  -> (artifact id: '18a462412e3a7523c2ed900402b726e6') in 0.047842 seconds 
  Import took 0.050879 seconds .

========================================================================
Received Import Request.
  Time since last request: 0.000183 seconds.
  path: Assets/Pixel Adventure 2/Assets/Enemies/FatBird/Idle (40x48).png
  artifactKey: Guid(60beccb521110cf40be533c702156072) Importer(815301076,1909f56bfc062723c751e8b465ee728b)
Start importing Assets/Pixel Adventure 2/Assets/Enemies/FatBird/Idle (40x48).png using Guid(60beccb521110cf40be533c702156072) Importer(815301076,1909f56bfc062723c751e8b465ee728b)  -> (artifact id: '0818002f8beca869c767cee9c6f42814') in 0.041691 seconds 
  Import took 0.055448 seconds .

========================================================================
Received Import Request.
  Time since last request: 0.000166 seconds.
  path: Assets/Pixel Adventure 2/Assets/Enemies/Bunny/Idle (34x44).png
  artifactKey: Guid(070a0fea8d7c56647b4a4a1bf7feb63e) Importer(815301076,1909f56bfc062723c751e8b465ee728b)
Start importing Assets/Pixel Adventure 2/Assets/Enemies/Bunny/Idle (34x44).png using Guid(070a0fea8d7c56647b4a4a1bf7feb63e) Importer(815301076,1909f56bfc062723c751e8b465ee728b)  -> (artifact id: '145b55836ece5656c3a81bcbb01db95a') in 0.046987 seconds 
  Import took 0.049689 seconds .

========================================================================
Received Import Request.
  Time since last request: 0.000183 seconds.
  path: Assets/Pixel Adventure 2/Assets/Enemies/Duck/Idle (36x36).png
  artifactKey: Guid(35e086690f09c9f46aa162a5be5a4133) Importer(815301076,1909f56bfc062723c751e8b465ee728b)
Start importing Assets/Pixel Adventure 2/Assets/Enemies/Duck/Idle (36x36).png using Guid(35e086690f09c9f46aa162a5be5a4133) Importer(815301076,1909f56bfc062723c751e8b465ee728b)  -> (artifact id: 'ffeed4bb8a448573c22817be26b3e496') in 0.039511 seconds 
  Import took 0.042274 seconds .

========================================================================
Received Import Request.
  Time since last request: 0.000165 seconds.
  path: Assets/Pixel Adventure 2/Assets/Enemies/Bunny/Idle (34x44).png
  artifactKey: Guid(070a0fea8d7c56647b4a4a1bf7feb63e) Importer(815301076,1909f56bfc062723c751e8b465ee728b)
Start importing Assets/Pixel Adventure 2/Assets/Enemies/Bunny/Idle (34x44).png using Guid(070a0fea8d7c56647b4a4a1bf7feb63e) Importer(815301076,1909f56bfc062723c751e8b465ee728b)  -> (artifact id: '145b55836ece5656c3a81bcbb01db95a') in 0.022541 seconds 
  Import took 0.025320 seconds .

========================================================================
Received Import Request.
  Time since last request: 0.000191 seconds.
  path: Assets/Pixel Adventure 2/Assets/Enemies/AngryPig/Idle (36x30).png
  artifactKey: Guid(bb22e9cd7a3f50c41aa55c47dd8c2975) Importer(815301076,1909f56bfc062723c751e8b465ee728b)
Start importing Assets/Pixel Adventure 2/Assets/Enemies/AngryPig/Idle (36x30).png using Guid(bb22e9cd7a3f50c41aa55c47dd8c2975) Importer(815301076,1909f56bfc062723c751e8b465ee728b)  -> (artifact id: '92bb0229032b134f9012a3ef92e56459') in 0.061220 seconds 
  Import took 0.080346 seconds .

========================================================================
Received Import Request.
  Time since last request: 0.000164 seconds.
  path: Assets/Pixel Adventure 2/Assets/Enemies/Chicken/Idle (32x34).png
  artifactKey: Guid(f729d6acae7cd754a864abda75a4bbd7) Importer(815301076,1909f56bfc062723c751e8b465ee728b)
Start importing Assets/Pixel Adventure 2/Assets/Enemies/Chicken/Idle (32x34).png using Guid(f729d6acae7cd754a864abda75a4bbd7) Importer(815301076,1909f56bfc062723c751e8b465ee728b)  -> (artifact id: '84cdc6e08e8acec98a405239a72baecb') in 0.040118 seconds 
  Import took 0.052120 seconds .

========================================================================
Received Prepare
Refreshing native plugins compatible for Editor in 3.57 ms, found 3 plugins.
Preloading 0 native plugins for Editor in 0.00 ms.
Unloading 14 Unused Serialized files (Serialized files now loaded: 0)
System memory in use before: 55.3 MB.
System memory in use after: 55.4 MB.

Unloading 14 unused Assets to reduce memory usage. Loaded Objects now: 2626.
Total: 3.498000 ms (FindLiveObjects: 0.197100 ms CreateObjectMapping: 0.048500 ms MarkObjects: 3.237200 ms  DeleteObjects: 0.014300 ms)

AssetImportParameters requested are different than current active one (requested -> active):
  custom:framework-win-MediaFoundation: 216162199b28c13a410421893ffa2e32 -> 
  custom:video-decoder-ogg-theora: a1e56fd34408186e4bbccfd4996cb3dc -> 
  custom:container-muxer-webm: aa71ff27fc2769a1b78a27578f13a17b -> 
  custom:container-demuxer-webm: 4f35f7cbe854078d1ac9338744f61a02 -> 
  custom:container-demuxer-ogg: 62fdf1f143b41e24485cea50d1cbac27 -> 
  custom:video-encoder-webm-vp8: eb34c28f22e8b96e1ab97ce403110664 -> 
  custom:video-decoder-webm-vp8: 9c59270c3fd7afecdb556c50c9e8de78 -> 
  custom:audio-decoder-ogg-vorbis: bf7c407c2cedff20999df2af8eb42d56 -> 
  custom:audio-encoder-webm-vorbis: bf7c407c2cedff20999df2af8eb42d56 -> 
========================================================================
Received Prepare
Refreshing native plugins compatible for Editor in 3.14 ms, found 3 plugins.
Preloading 0 native plugins for Editor in 0.00 ms.
Unloading 14 Unused Serialized files (Serialized files now loaded: 0)
System memory in use before: 55.3 MB.
System memory in use after: 55.4 MB.

Unloading 14 unused Assets to reduce memory usage. Loaded Objects now: 2626.
Total: 3.257600 ms (FindLiveObjects: 0.190500 ms CreateObjectMapping: 0.047500 ms MarkObjects: 3.005900 ms  DeleteObjects: 0.012900 ms)

AssetImportParameters requested are different than current active one (requested -> active):
  custom:framework-win-MediaFoundation: 216162199b28c13a410421893ffa2e32 -> 
  custom:video-decoder-ogg-theora: a1e56fd34408186e4bbccfd4996cb3dc -> 
  custom:container-muxer-webm: aa71ff27fc2769a1b78a27578f13a17b -> 
  custom:container-demuxer-webm: 4f35f7cbe854078d1ac9338744f61a02 -> 
  custom:container-demuxer-ogg: 62fdf1f143b41e24485cea50d1cbac27 -> 
  custom:video-encoder-webm-vp8: eb34c28f22e8b96e1ab97ce403110664 -> 
  custom:video-decoder-webm-vp8: 9c59270c3fd7afecdb556c50c9e8de78 -> 
  custom:audio-decoder-ogg-vorbis: bf7c407c2cedff20999df2af8eb42d56 -> 
  custom:audio-encoder-webm-vorbis: bf7c407c2cedff20999df2af8eb42d56 -> 
AssetImportWorkerClient::OnTransportError - code=2 error=End of file
